0 info it worked if it ends with ok
1 verbose cli [ '/usr/bin/nodejs', '/usr/bin/npm', 'run', 'install' ]
2 info using npm@3.10.3
3 info using node@v6.3.1
4 verbose run-script [ 'preinstall', 'install', 'postinstall' ]
5 info lifecycle @~preinstall: @
6 silly lifecycle @~preinstall: no script for preinstall, continuing
7 info lifecycle @~install: @
8 verbose lifecycle @~install: unsafe-perm in lifecycle true
9 verbose lifecycle @~install: PATH: /usr/lib/node_modules/npm/bin/node-gyp-bin:/root/.homebridge/node_modules/.bin:/usr/bin:/usr/local/sbin:/usr/local/bin:/usr/sbin:/usr/bin:/sbin:/bin
10 verbose lifecycle @~install: CWD: /root/.homebridge
11 silly lifecycle @~install: Args: [ '-c', 'npm install -g homebridge-http-jeedom --unsafe-perm' ]
12 silly lifecycle @~install: Returned: code: 238  signal: null
13 info lifecycle @~install: Failed to exec install script
14 verbose stack Error: @ install: `npm install -g homebridge-http-jeedom --unsafe-perm`
14 verbose stack Exit status 238
14 verbose stack     at EventEmitter.<anonymous> (/usr/lib/node_modules/npm/lib/utils/lifecycle.js:242:16)
14 verbose stack     at emitTwo (events.js:106:13)
14 verbose stack     at EventEmitter.emit (events.js:191:7)
14 verbose stack     at ChildProcess.<anonymous> (/usr/lib/node_modules/npm/lib/utils/spawn.js:40:14)
14 verbose stack     at emitTwo (events.js:106:13)
14 verbose stack     at ChildProcess.emit (events.js:191:7)
14 verbose stack     at maybeClose (internal/child_process.js:852:16)
14 verbose stack     at Process.ChildProcess._handle.onexit (internal/child_process.js:215:5)
15 verbose pkgid @
16 verbose cwd /root/.homebridge
17 error Linux 4.4.15-moby
18 error argv "/usr/bin/nodejs" "/usr/bin/npm" "run" "install"
19 error node v6.3.1
20 error npm  v3.10.3
21 error code ELIFECYCLE
22 error @ install: `npm install -g homebridge-http-jeedom --unsafe-perm`
22 error Exit status 238
23 error Failed at the @ install script 'npm install -g homebridge-http-jeedom --unsafe-perm'.
23 error Make sure you have the latest version of node.js and npm installed.
23 error If you do, this is most likely a problem with the  package,
23 error not with npm itself.
23 error Tell the author that this fails on your system:
23 error     npm install -g homebridge-http-jeedom --unsafe-perm
23 error You can get information on how to open an issue for this project with:
23 error     npm bugs
23 error Or if that isn't available, you can get their info via:
23 error     npm owner ls
23 error There is likely additional logging output above.
24 verbose exit [ 1, true ]
